Analysis & Synthesis report for Project_4
Wed Feb 21 19:26:36 2018
Quartus II Version 9.1 Build 222 10/21/2009 SJ Web Edition


---------------------
; Table of Contents ;
---------------------
  1. Legal Notice
  2. Analysis & Synthesis Summary
  3. Analysis & Synthesis Settings
  4. Parallel Compilation
  5. Analysis & Synthesis Source Files Read
  6. Analysis & Synthesis Resource Usage Summary
  7. Analysis & Synthesis Resource Utilization by Entity
  8. Registers Removed During Synthesis
  9. Source assignments for record:R1|counter:C1|lpm_counter:cnt_rtl_0
 10. Source assignments for clkScale:C1|lpm_counter:cnt_rtl_1
 11. Parameter Settings for Inferred Entity Instance: record:R1|counter:C1|lpm_counter:cnt_rtl_0
 12. Parameter Settings for Inferred Entity Instance: clkScale:C1|lpm_counter:cnt_rtl_1
 13. Analysis & Synthesis Messages
 14. Analysis & Synthesis Suppressed Messages



----------------
; Legal Notice ;
----------------
Copyright (C) 1991-2009 Altera Corporation
Your use of Altera Corporation's design tools, logic functions 
and other software and tools, and its AMPP partner logic 
functions, and any output files from any of the foregoing 
(including device programming or simulation files), and any 
associated documentation or information are expressly subject 
to the terms and conditions of the Altera Program License 
Subscription Agreement, Altera MegaCore Function License 
Agreement, or other applicable license agreement, including, 
without limitation, that your use is for the sole purpose of 
programming logic devices manufactured by Altera and sold by 
Altera or its authorized distributors.  Please refer to the 
applicable agreement for further details.



+-----------------------------------------------------------------------+
; Analysis & Synthesis Summary                                          ;
+-----------------------------+-----------------------------------------+
; Analysis & Synthesis Status ; Successful - Wed Feb 21 19:26:36 2018   ;
; Quartus II Version          ; 9.1 Build 222 10/21/2009 SJ Web Edition ;
; Revision Name               ; Project_4                               ;
; Top-level Entity Name       ; Project_4                               ;
; Family                      ; MAX7000S                                ;
; Total macrocells            ; 47                                      ;
; Total pins                  ; 19                                      ;
+-----------------------------+-----------------------------------------+


+--------------------------------------------------------------------------------------------------------------+
; Analysis & Synthesis Settings                                                                                ;
+----------------------------------------------------------------------------+-----------------+---------------+
; Option                                                                     ; Setting         ; Default Value ;
+----------------------------------------------------------------------------+-----------------+---------------+
; Device                                                                     ; EPM7064SLC44-10 ;               ;
; Top-level entity name                                                      ; Project_4       ; Project_4     ;
; Family name                                                                ; MAX7000S        ; Stratix II    ;
; Use Generated Physical Constraints File                                    ; Off             ;               ;
; Use smart compilation                                                      ; Off             ; Off           ;
; Enable parallel Assembler and TimeQuest Timing Analyzer during compilation ; On              ; On            ;
; Enable compact report table                                                ; Off             ; Off           ;
; Create Debugging Nodes for IP Cores                                        ; Off             ; Off           ;
; Preserve fewer node names                                                  ; On              ; On            ;
; Disable OpenCore Plus hardware evaluation                                  ; Off             ; Off           ;
; Verilog Version                                                            ; Verilog_2001    ; Verilog_2001  ;
; VHDL Version                                                               ; VHDL_1993       ; VHDL_1993     ;
; State Machine Processing                                                   ; Auto            ; Auto          ;
; Safe State Machine                                                         ; Off             ; Off           ;
; Extract Verilog State Machines                                             ; On              ; On            ;
; Extract VHDL State Machines                                                ; On              ; On            ;
; Ignore Verilog initial constructs                                          ; Off             ; Off           ;
; Iteration limit for constant Verilog loops                                 ; 5000            ; 5000          ;
; Iteration limit for non-constant Verilog loops                             ; 250             ; 250           ;
; Add Pass-Through Logic to Inferred RAMs                                    ; On              ; On            ;
; Parallel Synthesis                                                         ; On              ; On            ;
; NOT Gate Push-Back                                                         ; On              ; On            ;
; Power-Up Don't Care                                                        ; On              ; On            ;
; Remove Duplicate Registers                                                 ; On              ; On            ;
; Ignore CARRY Buffers                                                       ; Off             ; Off           ;
; Ignore CASCADE Buffers                                                     ; Off             ; Off           ;
; Ignore GLOBAL Buffers                                                      ; Off             ; Off           ;
; Ignore ROW GLOBAL Buffers                                                  ; Off             ; Off           ;
; Ignore LCELL Buffers                                                       ; Auto            ; Auto          ;
; Ignore SOFT Buffers                                                        ; Off             ; Off           ;
; Limit AHDL Integers to 32 Bits                                             ; Off             ; Off           ;
; Optimization Technique                                                     ; Speed           ; Speed         ;
; Allow XOR Gate Usage                                                       ; On              ; On            ;
; Auto Logic Cell Insertion                                                  ; On              ; On            ;
; Parallel Expander Chain Length                                             ; 4               ; 4             ;
; Auto Parallel Expanders                                                    ; On              ; On            ;
; Auto Open-Drain Pins                                                       ; On              ; On            ;
; Auto Resource Sharing                                                      ; Off             ; Off           ;
; Maximum Fan-in Per Macrocell                                               ; 100             ; 100           ;
; Use LogicLock Constraints during Resource Balancing                        ; On              ; On            ;
; Ignore translate_off and synthesis_off directives                          ; Off             ; Off           ;
; Show Parameter Settings Tables in Synthesis Report                         ; On              ; On            ;
; HDL message level                                                          ; Level2          ; Level2        ;
; Suppress Register Optimization Related Messages                            ; Off             ; Off           ;
; Number of Removed Registers Reported in Synthesis Report                   ; 100             ; 100           ;
; Number of Inverted Registers Reported in Synthesis Report                  ; 100             ; 100           ;
; Block Design Naming                                                        ; Auto            ; Auto          ;
; Synthesis Effort                                                           ; Auto            ; Auto          ;
; Shift Register Replacement - Allow Asynchronous Clear Signal               ; On              ; On            ;
; Analysis & Synthesis Message Level                                         ; Medium          ; Medium        ;
; Disable Register Merging Across Hierarchies                                ; Auto            ; Auto          ;
+----------------------------------------------------------------------------+-----------------+---------------+


Parallel compilation was disabled, but you have multiple processors available. Enable parallel compilation to reduce compilation time.
+-------------------------------------+
; Parallel Compilation                ;
+----------------------------+--------+
; Processors                 ; Number ;
+----------------------------+--------+
; Number detected on machine ; 4      ;
; Maximum allowed            ; 1      ;
+----------------------------+--------+


+---------------------------------------------------------------------------------------------------------------------------------------------------------------------------------------+
; Analysis & Synthesis Source Files Read                                                                                                                                                ;
+----------------------------------+-----------------+------------------------+---------------------------------------------------------------------------------------------------------+
; File Name with User-Entered Path ; Used in Netlist ; File Type              ; File Name with Absolute Path                                                                            ;
+----------------------------------+-----------------+------------------------+---------------------------------------------------------------------------------------------------------+
; Project_4.v                      ; yes             ; User Verilog HDL File  ; C:/Users/Richard/Desktop/School/First Semester/ECE 353 CompSys Lab I/Project 4/Project Code/Project_4.v ;
; lpm_counter.tdf                  ; yes             ; Megafunction           ; c:/altera/91/quartus/libraries/megafunctions/lpm_counter.tdf                                            ;
+----------------------------------+-----------------+------------------------+---------------------------------------------------------------------------------------------------------+


+---------------------------------------------+
; Analysis & Synthesis Resource Usage Summary ;
+----------------------+----------------------+
; Resource             ; Usage                ;
+----------------------+----------------------+
; Logic cells          ; 47                   ;
; Total registers      ; 42                   ;
; I/O pins             ; 19                   ;
; Shareable expanders  ; 8                    ;
; Parallel expanders   ; 5                    ;
; Maximum fan-out node ; clkScale:C1|clkout   ;
; Maximum fan-out      ; 36                   ;
; Total fan-out        ; 374                  ;
; Average fan-out      ; 5.05                 ;
+----------------------+----------------------+


+-----------------------------------------------------------------------------------------------------------------------------+
; Analysis & Synthesis Resource Utilization by Entity                                                                         ;
+----------------------------------+------------+------+-------------------------------------------------------+--------------+
; Compilation Hierarchy Node       ; Macrocells ; Pins ; Full Hierarchy Name                                   ; Library Name ;
+----------------------------------+------------+------+-------------------------------------------------------+--------------+
; |Project_4                       ; 47         ; 19   ; |Project_4                                            ; work         ;
;    |LEDlit:L1|                   ; 9          ; 0    ; |Project_4|LEDlit:L1                                  ; work         ;
;    |clkScale:C1|                 ; 8          ; 0    ; |Project_4|clkScale:C1                                ; work         ;
;       |lpm_counter:cnt_rtl_1|    ; 7          ; 0    ; |Project_4|clkScale:C1|lpm_counter:cnt_rtl_1          ; work         ;
;    |decoder:D1|                  ; 8          ; 0    ; |Project_4|decoder:D1                                 ; work         ;
;       |Dflip:D1|                 ; 1          ; 0    ; |Project_4|decoder:D1|Dflip:D1                        ; work         ;
;       |Dflip:D2|                 ; 1          ; 0    ; |Project_4|decoder:D1|Dflip:D2                        ; work         ;
;       |Dflip:D3|                 ; 1          ; 0    ; |Project_4|decoder:D1|Dflip:D3                        ; work         ;
;       |Dflip:D4|                 ; 1          ; 0    ; |Project_4|decoder:D1|Dflip:D4                        ; work         ;
;       |Dflip:D5|                 ; 1          ; 0    ; |Project_4|decoder:D1|Dflip:D5                        ; work         ;
;       |Dflip:D6|                 ; 1          ; 0    ; |Project_4|decoder:D1|Dflip:D6                        ; work         ;
;       |Dflip:D7|                 ; 1          ; 0    ; |Project_4|decoder:D1|Dflip:D7                        ; work         ;
;       |Dflip:D8|                 ; 1          ; 0    ; |Project_4|decoder:D1|Dflip:D8                        ; work         ;
;    |frameStatus:F1|              ; 3          ; 0    ; |Project_4|frameStatus:F1                             ; work         ;
;       |previousFrame:P1|         ; 1          ; 0    ; |Project_4|frameStatus:F1|previousFrame:P1            ; work         ;
;    |inputBuffer:I1|              ; 2          ; 0    ; |Project_4|inputBuffer:I1                             ; work         ;
;       |Dflip:D1|                 ; 1          ; 0    ; |Project_4|inputBuffer:I1|Dflip:D1                    ; work         ;
;       |Dflip:D2|                 ; 1          ; 0    ; |Project_4|inputBuffer:I1|Dflip:D2                    ; work         ;
;    |record:R1|                   ; 17         ; 0    ; |Project_4|record:R1                                  ; work         ;
;       |counter:C1|               ; 5          ; 0    ; |Project_4|record:R1|counter:C1                       ; work         ;
;          |lpm_counter:cnt_rtl_0| ; 5          ; 0    ; |Project_4|record:R1|counter:C1|lpm_counter:cnt_rtl_0 ; work         ;
;       |holdData:H1|              ; 12         ; 0    ; |Project_4|record:R1|holdData:H1                      ; work         ;
+----------------------------------+------------+------+-------------------------------------------------------+--------------+


+------------------------------------------------------------------------+
; Registers Removed During Synthesis                                     ;
+---------------------------------------+--------------------------------+
; Register name                         ; Reason for Removal             ;
+---------------------------------------+--------------------------------+
; clkScale:C1|clkreg                    ; Merged with clkScale:C1|clkout ;
; Total Number of Removed Registers = 1 ;                                ;
+---------------------------------------+--------------------------------+


+-------------------------------------------------------------------+
; Source assignments for record:R1|counter:C1|lpm_counter:cnt_rtl_0 ;
+---------------------------+-------+------+------------------------+
; Assignment                ; Value ; From ; To                     ;
+---------------------------+-------+------+------------------------+
; SUPPRESS_DA_RULE_INTERNAL ; a101  ; -    ; -                      ;
; SUPPRESS_DA_RULE_INTERNAL ; s102  ; -    ; -                      ;
; SUPPRESS_DA_RULE_INTERNAL ; s103  ; -    ; -                      ;
+---------------------------+-------+------+------------------------+


+----------------------------------------------------------+
; Source assignments for clkScale:C1|lpm_counter:cnt_rtl_1 ;
+---------------------------+-------+------+---------------+
; Assignment                ; Value ; From ; To            ;
+---------------------------+-------+------+---------------+
; SUPPRESS_DA_RULE_INTERNAL ; a101  ; -    ; -             ;
; SUPPRESS_DA_RULE_INTERNAL ; s102  ; -    ; -             ;
; SUPPRESS_DA_RULE_INTERNAL ; s103  ; -    ; -             ;
+---------------------------+-------+------+---------------+


+---------------------------------------------------------------------------------------------+
; Parameter Settings for Inferred Entity Instance: record:R1|counter:C1|lpm_counter:cnt_rtl_0 ;
+------------------------+-------------------+------------------------------------------------+
; Parameter Name         ; Value             ; Type                                           ;
+------------------------+-------------------+------------------------------------------------+
; AUTO_CARRY_CHAINS      ; ON                ; AUTO_CARRY                                     ;
; IGNORE_CARRY_BUFFERS   ; OFF               ; IGNORE_CARRY                                   ;
; AUTO_CASCADE_CHAINS    ; ON                ; AUTO_CASCADE                                   ;
; IGNORE_CASCADE_BUFFERS ; OFF               ; IGNORE_CASCADE                                 ;
; LPM_WIDTH              ; 4                 ; Untyped                                        ;
; LPM_DIRECTION          ; UP                ; Untyped                                        ;
; LPM_MODULUS            ; 0                 ; Untyped                                        ;
; LPM_AVALUE             ; UNUSED            ; Untyped                                        ;
; LPM_SVALUE             ; UNUSED            ; Untyped                                        ;
; LPM_PORT_UPDOWN        ; PORT_CONNECTIVITY ; Untyped                                        ;
; DEVICE_FAMILY          ; MAX7000S          ; Untyped                                        ;
; CARRY_CHAIN            ; MANUAL            ; Untyped                                        ;
; CARRY_CHAIN_LENGTH     ; 48                ; CARRY_CHAIN_LENGTH                             ;
; NOT_GATE_PUSH_BACK     ; ON                ; NOT_GATE_PUSH_BACK                             ;
; CARRY_CNT_EN           ; SMART             ; Untyped                                        ;
; LABWIDE_SCLR           ; ON                ; Untyped                                        ;
; USE_NEW_VERSION        ; TRUE              ; Untyped                                        ;
; CBXI_PARAMETER         ; NOTHING           ; Untyped                                        ;
+------------------------+-------------------+------------------------------------------------+
Note: In order to hide this table in the UI and the text report file, please set the "Show Parameter Settings Tables in Synthesis Report" option in "Analysis and Synthesis Settings -> More Settings" to "Off".


+------------------------------------------------------------------------------------+
; Parameter Settings for Inferred Entity Instance: clkScale:C1|lpm_counter:cnt_rtl_1 ;
+------------------------+-------------------+---------------------------------------+
; Parameter Name         ; Value             ; Type                                  ;
+------------------------+-------------------+---------------------------------------+
; AUTO_CARRY_CHAINS      ; ON                ; AUTO_CARRY                            ;
; IGNORE_CARRY_BUFFERS   ; OFF               ; IGNORE_CARRY                          ;
; AUTO_CASCADE_CHAINS    ; ON                ; AUTO_CASCADE                          ;
; IGNORE_CASCADE_BUFFERS ; OFF               ; IGNORE_CASCADE                        ;
; LPM_WIDTH              ; 7                 ; Untyped                               ;
; LPM_DIRECTION          ; UP                ; Untyped                               ;
; LPM_MODULUS            ; 0                 ; Untyped                               ;
; LPM_AVALUE             ; UNUSED            ; Untyped                               ;
; LPM_SVALUE             ; UNUSED            ; Untyped                               ;
; LPM_PORT_UPDOWN        ; PORT_CONNECTIVITY ; Untyped                               ;
; DEVICE_FAMILY          ; MAX7000S          ; Untyped                               ;
; CARRY_CHAIN            ; MANUAL            ; Untyped                               ;
; CARRY_CHAIN_LENGTH     ; 48                ; CARRY_CHAIN_LENGTH                    ;
; NOT_GATE_PUSH_BACK     ; ON                ; NOT_GATE_PUSH_BACK                    ;
; CARRY_CNT_EN           ; SMART             ; Untyped                               ;
; LABWIDE_SCLR           ; ON                ; Untyped                               ;
; USE_NEW_VERSION        ; TRUE              ; Untyped                               ;
; CBXI_PARAMETER         ; NOTHING           ; Untyped                               ;
+------------------------+-------------------+---------------------------------------+
Note: In order to hide this table in the UI and the text report file, please set the "Show Parameter Settings Tables in Synthesis Report" option in "Analysis and Synthesis Settings -> More Settings" to "Off".


+-------------------------------+
; Analysis & Synthesis Messages ;
+-------------------------------+
Info: *******************************************************************
Info: Running Quartus II Analysis & Synthesis
    Info: Version 9.1 Build 222 10/21/2009 SJ Web Edition
    Info: Processing started: Wed Feb 21 19:26:31 2018
Info: Command: quartus_map --read_settings_files=on --write_settings_files=off Project_4 -c Project_4
Info: Found 13 design units, including 13 entities, in source file project_4.v
    Info: Found entity 1: Project_4
    Info: Found entity 2: LEDlit
    Info: Found entity 3: frameStatus
    Info: Found entity 4: previousFrame
    Info: Found entity 5: record
    Info: Found entity 6: holdData
    Info: Found entity 7: counter
    Info: Found entity 8: inputBuffer
    Info: Found entity 9: decoder
    Info: Found entity 10: Dflip
    Info: Found entity 11: DflipR
    Info: Found entity 12: ALU
    Info: Found entity 13: clkScale
Info: Elaborating entity "Project_4" for the top level hierarchy
Info: Elaborating entity "clkScale" for hierarchy "clkScale:C1"
Info: Elaborating entity "inputBuffer" for hierarchy "inputBuffer:I1"
Info: Elaborating entity "Dflip" for hierarchy "inputBuffer:I1|Dflip:D1"
Info: Elaborating entity "decoder" for hierarchy "decoder:D1"
Info: Elaborating entity "record" for hierarchy "record:R1"
Info: Elaborating entity "counter" for hierarchy "record:R1|counter:C1"
Info: Elaborating entity "holdData" for hierarchy "record:R1|holdData:H1"
Info: Elaborating entity "frameStatus" for hierarchy "frameStatus:F1"
Info: Elaborating entity "previousFrame" for hierarchy "frameStatus:F1|previousFrame:P1"
Info: Elaborating entity "LEDlit" for hierarchy "LEDlit:L1"
Info: Inferred 2 megafunctions from design logic
    Info: Inferred lpm_counter megafunction (LPM_WIDTH=4) from the following logic: "record:R1|counter:C1|cnt[0]~0"
    Info: Inferred lpm_counter megafunction (LPM_WIDTH=7) from the following logic: "clkScale:C1|cnt[0]~0"
Info: Elaborated megafunction instantiation "record:R1|counter:C1|lpm_counter:cnt_rtl_0"
Info: Instantiated megafunction "record:R1|counter:C1|lpm_counter:cnt_rtl_0" with the following parameter:
    Info: Parameter "LPM_WIDTH" = "4"
    Info: Parameter "LPM_DIRECTION" = "UP"
    Info: Parameter "LPM_TYPE" = "LPM_COUNTER"
Info: Elaborated megafunction instantiation "clkScale:C1|lpm_counter:cnt_rtl_1"
Info: Instantiated megafunction "clkScale:C1|lpm_counter:cnt_rtl_1" with the following parameter:
    Info: Parameter "LPM_WIDTH" = "7"
    Info: Parameter "LPM_DIRECTION" = "UP"
    Info: Parameter "LPM_TYPE" = "LPM_COUNTER"
Info: Promoted pin-driven signal(s) to global signal
    Info: Promoted clock signal driven by pin "clkin" to global clock signal
Info: Implemented 74 device resources after synthesis - the final resource count might be different
    Info: Implemented 2 input pins
    Info: Implemented 17 output pins
    Info: Implemented 47 macrocells
    Info: Implemented 8 shareable expanders
Info: Generated suppressed messages file C:/Users/Richard/Desktop/School/First Semester/ECE 353 CompSys Lab I/Project 4/Project Code/Project_4.map.smsg
Info: Quartus II Analysis & Synthesis was successful. 0 errors, 0 warnings
    Info: Peak virtual memory: 279 megabytes
    Info: Processing ended: Wed Feb 21 19:26:36 2018
    Info: Elapsed time: 00:00:05
    Info: Total CPU time (on all processors): 00:00:03


+------------------------------------------+
; Analysis & Synthesis Suppressed Messages ;
+------------------------------------------+
The suppressed messages can be found in C:/Users/Richard/Desktop/School/First Semester/ECE 353 CompSys Lab I/Project 4/Project Code/Project_4.map.smsg.


